2021-12-08 13:30:37,279 - Запуск сервера
2021-12-08 13:30:39,493 - PORT 9090
2021-12-08 13:31:03,038 - Попытка зарегистрировать существующего пользователя
2021-12-08 13:31:21,703 - Вход пользователя vladimir
2021-12-08 13:31:25,272 - help page
2021-12-08 13:31:28,151 - pwd ster4/docs/vladimir
2021-12-08 13:31:53,574 - new создан новый файл /Users/vladimirmarkovich/Downloads/5_FTP_server-master4/docs/vladimir/test.txt
2021-12-08 13:31:55,751 - ls test.txt
2021-12-08 13:32:00,405 - cat
2021-12-08 13:32:09,265 - Клиет vladimir отключился от сервера
2021-12-08 13:35:01,954 - Запуск сервера
2021-12-08 13:35:03,266 - PORT 9090
2021-12-08 13:35:31,057 - Попытка зарегистрировать существующего пользователя
2021-12-08 13:35:39,314 - Вход пользователя user2
2021-12-08 13:35:42,125 - help page
2021-12-08 13:35:46,081 - pwd 5_FTP_server/docs/user2
2021-12-08 13:35:48,013 - ls Данная директория пустая
2021-12-08 13:35:57,141 - mkdir Директория dir1 создана
2021-12-08 13:35:58,616 - ls dir1
2021-12-08 13:36:02,209 - Переход в директорию 5_FTP_server/docs/user2/dir1
2021-12-08 13:36:14,079 - new создан новый файл /Users/vladimirmarkovich/Documents/Учёба/3-ий семестр/UNIX/5_FTP_server/docs/user2/dir1/test2.txt
2021-12-08 13:36:15,937 - ls test2.txt
2021-12-08 13:36:21,645 - cat
2021-12-08 13:36:24,054 - Переход в директорию 5_FTP_server/docs/user2
2021-12-08 13:36:25,572 - ls dir1
2021-12-08 13:36:30,489 - help page
2021-12-08 13:36:37,277 - Клиет user2 отключился от сервера
